[2025-08-21 00:44:14] [INFO] [ETL_20250821_004412] Starting ETL Pipeline Execution
[2025-08-21 00:44:14] [INFO] [ETL_20250821_004412] Run ID: ETL_20250821_004412
[2025-08-21 00:44:14] [INFO] [ETL_20250821_004412] === EXTRACT PHASE ===
[2025-08-21 00:44:14] [INFO] [ETL_20250821_004412] Extracting enrollment data...
[2025-08-21 00:44:14] [INFO] [ETL_20250821_004412] Enrollment data extraction completed successfully
[2025-08-21 00:44:15] [INFO] [ETL_20250821_004412] Validating Enrollment...
[2025-08-21 00:44:15] [INFO] [ETL_20250821_004412] Enrollment: 1057 records, 0% missing, Quality: 100%
[2025-08-21 00:44:15] [INFO] [ETL_20250821_004412] Extracting survey data...
[2025-08-21 00:44:15] [INFO] [ETL_20250821_004412] Pre-survey data extraction completed successfully
[2025-08-21 00:44:16] [INFO] [ETL_20250821_004412] Post-survey data extraction completed successfully
[2025-08-21 00:44:16] [INFO] [ETL_20250821_004412] Validating Pre-Surveys...
[2025-08-21 00:44:16] [INFO] [ETL_20250821_004412] Pre-Surveys: 1057 records, 0% missing, Quality: 100%
[2025-08-21 00:44:16] [INFO] [ETL_20250821_004412] Validating Post-Surveys...
[2025-08-21 00:44:17] [INFO] [ETL_20250821_004412] Post-Surveys: 771 records, 1.19% missing, Quality: 100%
[2025-08-21 00:44:17] [INFO] [ETL_20250821_004412] Extracting participation tracking data...
[2025-08-21 00:44:17] [INFO] [ETL_20250821_004412] Participation data extraction completed successfully
[2025-08-21 00:44:17] [INFO] [ETL_20250821_004412] Validating Participation...
[2025-08-21 00:44:22] [INFO] [ETL_20250821_004412] Participation: 33717 records, 0% missing, Quality: 100%
[2025-08-21 00:44:22] [INFO] [ETL_20250821_004412] Extracting funding data...
[2025-08-21 00:44:22] [INFO] [ETL_20250821_004412] Grant funding data extraction completed successfully
[2025-08-21 00:44:22] [INFO] [ETL_20250821_004412] Individual funding data extraction completed successfully
[2025-08-21 00:44:22] [INFO] [ETL_20250821_004412] Validating Grant Funding...
[2025-08-21 00:44:22] [INFO] [ETL_20250821_004412] Grant Funding: 15 records, 0% missing, Quality: 100%
[2025-08-21 00:44:22] [INFO] [ETL_20250821_004412] Validating Individual Funding...
[2025-08-21 00:44:22] [INFO] [ETL_20250821_004412] Individual Funding: 1014 records, 0% missing, Quality: 100%
[2025-08-21 00:44:22] [INFO] [ETL_20250821_004412] === TRANSFORM PHASE ===
[2025-08-21 00:44:22] [INFO] [ETL_20250821_004412] Creating integrated participant master dataset...
[2025-08-21 00:44:23] [INFO] [ETL_20250821_004412] Participant master created: 1057 records
[2025-08-21 00:44:23] [INFO] [ETL_20250821_004412] Participant master transformation completed successfully
[2025-08-21 00:44:23] [INFO] [ETL_20250821_004412] Creating participation summary metrics...
[2025-08-21 00:44:23] [INFO] [ETL_20250821_004412] Participation summary created: 1057 participants
[2025-08-21 00:44:23] [INFO] [ETL_20250821_004412] Participation summary transformation completed successfully
[2025-08-21 00:44:23] [INFO] [ETL_20250821_004412] Creating financial summary and cost analysis...
[2025-08-21 00:44:23] [INFO] [ETL_20250821_004412] Financial summaries created
[2025-08-21 00:44:23] [INFO] [ETL_20250821_004412] Financial summary transformation completed successfully
[2025-08-21 00:44:23] [INFO] [ETL_20250821_004412] === QUALITY ASSURANCE PHASE ===
[2025-08-21 00:44:24] [INFO] [ETL_20250821_004412] Running data profiling on Participant Master...
[2025-08-21 00:44:24] [WARNING] [ETL_20250821_004412] High missing data in Participant Master: cohort_year_post, age_at_enrollment_post, grade_level_post, race_ethnicity_post, gender_post, high_school_post, title_1_school_post, family_income_range_post, household_size_post, first_generation_college_post, program_track_post, transportation_barrier_post, childcare_needs_post, act_composite_pre_post, act_english_pre_post, act_math_pre_post, act_reading_pre_post, act_science_pre_post, sat_total_pre_post, sat_math_pre_post, sat_verbal_pre_post, gpa_pre_post, college_readiness_self_rating_post, study_hours_per_week_post, career_confidence_rating_post, academic_support_at_home_post, technology_access_post, post_secondary_plan_post, act_composite_post, act_english_post, act_math_post, act_reading_post, act_science_post, sat_total_post, sat_math_post, sat_verbal_post, gpa_post, college_readiness_self_rating_post_post, study_hours_per_week_post_post, career_confidence_rating_post_post, post_secondary_enrollment, scholarship_received, scholarship_amount, program_satisfaction, would_recommend, act_improvement, sat_improvement, gpa_improvement, readiness_improvement, career_confidence_improvement, program_duration_days
[2025-08-21 00:44:24] [INFO] [ETL_20250821_004412] Running data profiling on Participation Summary...
[2025-08-21 00:44:24] [INFO] [ETL_20250821_004412] Running anomaly detection on integrated dataset...
[2025-08-21 00:44:25] [WARNING] [ETL_20250821_004412] 1 anomalies detected in act_composite_post (Z > 3)
[2025-08-21 00:44:25] [WARNING] [ETL_20250821_004412] 3 anomalies detected in sat_total_post (Z > 3)
[2025-08-21 00:44:25] [WARNING] [ETL_20250821_004412] 1 anomalies detected in study_hours_per_week (Z > 3)
[2025-08-21 08:50:15] [INFO] [ETL_20250821_085014] Starting ETL Pipeline Execution
[2025-08-21 08:50:15] [INFO] [ETL_20250821_085014] Run ID: ETL_20250821_085014
[2025-08-21 08:50:15] [INFO] [ETL_20250821_085014] === EXTRACT PHASE ===
[2025-08-21 08:50:15] [INFO] [ETL_20250821_085014] Extracting enrollment data...
[2025-08-21 08:50:16] [INFO] [ETL_20250821_085014] Enrollment data extraction completed successfully
[2025-08-21 08:50:16] [INFO] [ETL_20250821_085014] Validating Enrollment...
[2025-08-21 08:50:16] [INFO] [ETL_20250821_085014] Enrollment: 1057 records, 0% missing, Quality: 100%
[2025-08-21 08:50:16] [INFO] [ETL_20250821_085014] Extracting survey data...
[2025-08-21 08:50:16] [INFO] [ETL_20250821_085014] Pre-survey data extraction completed successfully
[2025-08-21 08:50:17] [INFO] [ETL_20250821_085014] Post-survey data extraction completed successfully
[2025-08-21 08:50:17] [INFO] [ETL_20250821_085014] Validating Pre-Surveys...
[2025-08-21 08:50:17] [INFO] [ETL_20250821_085014] Pre-Surveys: 1057 records, 0% missing, Quality: 100%
[2025-08-21 08:50:17] [INFO] [ETL_20250821_085014] Validating Post-Surveys...
[2025-08-21 08:50:17] [INFO] [ETL_20250821_085014] Post-Surveys: 771 records, 1.19% missing, Quality: 100%
[2025-08-21 08:50:17] [INFO] [ETL_20250821_085014] Extracting participation tracking data...
[2025-08-21 08:50:17] [INFO] [ETL_20250821_085014] Participation data extraction completed successfully
[2025-08-21 08:50:17] [INFO] [ETL_20250821_085014] Validating Participation...
[2025-08-21 08:50:22] [INFO] [ETL_20250821_085014] Participation: 33717 records, 0% missing, Quality: 100%
[2025-08-21 08:50:22] [INFO] [ETL_20250821_085014] Extracting funding data...
[2025-08-21 08:50:22] [INFO] [ETL_20250821_085014] Grant funding data extraction completed successfully
[2025-08-21 08:50:22] [INFO] [ETL_20250821_085014] Individual funding data extraction completed successfully
[2025-08-21 08:50:22] [INFO] [ETL_20250821_085014] Validating Grant Funding...
[2025-08-21 08:50:22] [INFO] [ETL_20250821_085014] Grant Funding: 15 records, 0% missing, Quality: 100%
[2025-08-21 08:50:22] [INFO] [ETL_20250821_085014] Validating Individual Funding...
[2025-08-21 08:50:22] [INFO] [ETL_20250821_085014] Individual Funding: 1014 records, 0% missing, Quality: 100%
[2025-08-21 08:50:22] [INFO] [ETL_20250821_085014] === TRANSFORM PHASE ===
[2025-08-21 08:50:22] [INFO] [ETL_20250821_085014] Creating integrated participant master dataset...
[2025-08-21 08:50:23] [INFO] [ETL_20250821_085014] Participant master created: 1057 records
[2025-08-21 08:50:23] [INFO] [ETL_20250821_085014] Participant master transformation completed successfully
[2025-08-21 08:50:23] [INFO] [ETL_20250821_085014] Creating participation summary metrics...
[2025-08-21 08:50:24] [INFO] [ETL_20250821_085014] Participation summary created: 1057 participants
[2025-08-21 08:50:24] [INFO] [ETL_20250821_085014] Participation summary transformation completed successfully
[2025-08-21 08:50:25] [INFO] [ETL_20250821_085014] Creating financial summary and cost analysis...
[2025-08-21 08:50:25] [INFO] [ETL_20250821_085014] Financial summaries created
[2025-08-21 08:50:25] [INFO] [ETL_20250821_085014] Financial summary transformation completed successfully
[2025-08-21 08:50:25] [INFO] [ETL_20250821_085014] === QUALITY ASSURANCE PHASE ===
[2025-08-21 08:50:25] [INFO] [ETL_20250821_085014] Running data profiling on Participant Master...
[2025-08-21 08:50:27] [WARNING] [ETL_20250821_085014] High missing data in Participant Master: cohort_year_post, age_at_enrollment_post, grade_level_post, race_ethnicity_post, gender_post, high_school_post, title_1_school_post, family_income_range_post, household_size_post, first_generation_college_post, program_track_post, transportation_barrier_post, childcare_needs_post, act_composite_pre_post, act_english_pre_post, act_math_pre_post, act_reading_pre_post, act_science_pre_post, sat_total_pre_post, sat_math_pre_post, sat_verbal_pre_post, gpa_pre_post, college_readiness_self_rating_post, study_hours_per_week_post, career_confidence_rating_post, academic_support_at_home_post, technology_access_post, post_secondary_plan_post, act_composite_post, act_english_post, act_math_post, act_reading_post, act_science_post, sat_total_post, sat_math_post, sat_verbal_post, gpa_post, college_readiness_self_rating_post_post, study_hours_per_week_post_post, career_confidence_rating_post_post, post_secondary_enrollment, scholarship_received, scholarship_amount, program_satisfaction, would_recommend, act_improvement, sat_improvement, gpa_improvement, readiness_improvement, career_confidence_improvement, program_duration_days
[2025-08-21 08:50:27] [INFO] [ETL_20250821_085014] Running data profiling on Participation Summary...
[2025-08-21 08:50:29] [INFO] [ETL_20250821_085014] Running anomaly detection on integrated dataset...
[2025-08-21 08:50:30] [WARNING] [ETL_20250821_085014] 1 anomalies detected in act_composite_pre (Z > 3)
[2025-08-21 08:50:30] [WARNING] [ETL_20250821_085014] 1 anomalies detected in act_composite_post (Z > 3)
[2025-08-21 08:50:30] [WARNING] [ETL_20250821_085014] 5 anomalies detected in sat_total_pre (Z > 3)
[2025-08-21 08:50:30] [WARNING] [ETL_20250821_085014] 3 anomalies detected in sat_total_post (Z > 3)
[2025-08-21 08:50:30] [WARNING] [ETL_20250821_085014] 1 anomalies detected in study_hours_per_week (Z > 3)
[2025-08-21 08:50:30] [INFO] [ETL_20250821_085014] === LOAD PHASE ===
[2025-08-21 08:50:30] [INFO] [ETL_20250821_085014] Saving participant master dataset completed successfully
[2025-08-21 08:50:30] [INFO] [ETL_20250821_085014] Saving participation summary completed successfully
[2025-08-21 08:50:30] [INFO] [ETL_20250821_085014] Saving grant summary completed successfully
[2025-08-21 08:50:30] [INFO] [ETL_20250821_085014] Saving cost analysis completed successfully
[2025-08-21 08:50:30] [INFO] [ETL_20250821_085014] Saving data quality profile completed successfully
[2025-08-21 08:50:31] [INFO] [ETL_20250821_085014] === ETL PIPELINE COMPLETED ===
[2025-08-21 08:50:31] [INFO] [ETL_20250821_085014] Execution time: 0.25 minutes
[2025-08-21 08:50:31] [INFO] [ETL_20250821_085014] Participants processed: 1057
[2025-08-21 08:50:31] [INFO] [ETL_20250821_085014] Quality score: 100% (Benchmark: 97%)
[2025-08-21 08:50:31] [INFO] [ETL_20250821_085014] Output files saved to: data/processed
[2025-08-21 08:50:31] [INFO] [ETL_20250821_085014] Quality benchmark achieved!
